Customer_MyCar_T11_slim/proguard/seeds.txt
com.amap.api.services.cloud.CloudResult
com.amap.api.services.cloud.CloudResult: int a
com.amap.api.services.cloud.CloudResult: java.util.ArrayList b
com.amap.api.services.cloud.CloudResult: int c
com.amap.api.services.cloud.CloudResult: int d
com.amap.api.services.cloud.CloudResult: com.amap.api.services.cloud.CloudSearch$Query e
com.amap.api.services.cloud.CloudResult: com.amap.api.services.cloud.CloudSearch$SearchBound f
com.amap.api.services.cloud.CloudResult: com.amap.api.services.cloud.CloudResult createPagedResult(com.amap.api.services.cloud.CloudSearch$Query,int,com.amap.api.services.cloud.CloudSearch$SearchBound,int,java.util.ArrayList)
com.amap.api.services.cloud.CloudResult: CloudResult(com.amap.api.services.cloud.CloudSearch$Query,int,com.amap.api.services.cloud.CloudSearch$SearchBound,int,java.util.ArrayList)
com.amap.api.services.cloud.CloudResult: int getPageCount()
com.amap.api.services.cloud.CloudResult: com.amap.api.services.cloud.CloudSearch$Query getQuery()
com.amap.api.services.cloud.CloudResult: com.amap.api.services.cloud.CloudSearch$SearchBound getBound()
com.amap.api.services.cloud.CloudResult: java.util.ArrayList getClouds()
com.amap.api.services.cloud.CloudResult: int getTotalCount()
com.amap.api.services.cloud.CloudSearch
com.amap.api.services.cloud.CloudSearch: com.amap.api.services.interfaces.ICloudSearch a
com.amap.api.services.cloud.CloudSearch: CloudSearch(android.content.Context)
com.amap.api.services.cloud.CloudSearch: void setOnCloudSearchListener(com.amap.api.services.cloud.CloudSearch$OnCloudSearchListener)
com.amap.api.services.cloud.CloudSearch: void searchCloudAsyn(com.amap.api.services.cloud.CloudSearch$Query)
com.amap.api.services.cloud.CloudSearch: void searchCloudDetailAsyn(java.lang.String,java.lang.String)
com.amap.api.services.cloud.CloudSearch: boolean a(java.lang.String,java.lang.String)
com.amap.api.services.cloud.CloudSearch$OnCloudSearchListener
com.amap.api.services.cloud.CloudSearch$OnCloudSearchListener: void onCloudSearched(com.amap.api.services.cloud.CloudResult,int)
com.amap.api.services.cloud.CloudSearch$OnCloudSearchListener: void onCloudItemDetailSearched(com.amap.api.services.cloud.CloudItemDetail,int)
com.amap.api.services.cloud.CloudSearch$Query
com.amap.api.services.cloud.CloudSearch$Query: java.lang.String a
com.amap.api.services.cloud.CloudSearch$Query: int b
com.amap.api.services.cloud.CloudSearch$Query: int c
com.amap.api.services.cloud.CloudSearch$Query: java.lang.String d
com.amap.api.services.cloud.CloudSearch$Query: com.amap.api.services.cloud.CloudSearch$SearchBound e
com.amap.api.services.cloud.CloudSearch$Query: com.amap.api.services.cloud.CloudSearch$Sortingrules f
com.amap.api.services.cloud.CloudSearch$Query: java.util.ArrayList g
com.amap.api.services.cloud.CloudSearch$Query: java.util.HashMap h
com.amap.api.services.cloud.CloudSearch$Query: CloudSearch$Query(java.lang.String,java.lang.String,com.amap.api.services.cloud.CloudSearch$SearchBound)
com.amap.api.services.cloud.CloudSearch$Query: CloudSearch$Query()
com.amap.api.services.cloud.CloudSearch$Query: java.lang.String getQueryString()
com.amap.api.services.cloud.CloudSearch$Query: void setTableID(java.lang.String)
com.amap.api.services.cloud.CloudSearch$Query: java.lang.String getTableID()
com.amap.api.services.cloud.CloudSearch$Query: int getPageNum()
com.amap.api.services.cloud.CloudSearch$Query: void setPageNum(int)
com.amap.api.services.cloud.CloudSearch$Query: void setPageSize(int)
com.amap.api.services.cloud.CloudSearch$Query: int getPageSize()
com.amap.api.services.cloud.CloudSearch$Query: void setBound(com.amap.api.services.cloud.CloudSearch$SearchBound)