Customer_MyCar_T11_slim/proguard/mapping.txt
com.amap.api.col.sl3.jy$a -> com.amap.api.col.sl3.jy$a:
    com.amap.api.col.sl3.kc a(com.amap.api.col.sl3.jg,java.lang.String) -> a
    java.util.List a(com.amap.api.col.sl3.jg,java.lang.String,java.lang.String) -> a
com.amap.api.col.sl3.jz -> com.amap.api.col.sl3.jz:
    com.amap.api.col.sl3.jz a -> a
    java.lang.Thread$UncaughtExceptionHandler b -> b
    android.content.Context c -> c
    com.amap.api.col.sl3.ir d -> d
    com.amap.api.col.sl3.jz a(android.content.Context,com.amap.api.col.sl3.ir) -> a
    void uncaughtException(java.lang.Thread,java.lang.Throwable) -> uncaughtException
com.amap.api.col.sl3.k -> com.amap.api.col.sl3.k:
    com.amap.api.col.sl3.w b -> b
    boolean a -> a
    com.amap.api.col.sl3.w a() -> a
    void queueEvent(java.lang.Runnable) -> queueEvent
    boolean isEnabled() -> isEnabled
    void setVisibility(int) -> setVisibility
    void requestRender() -> requestRender
    int getRenderMode() -> getRenderMode
    boolean postDelayed(java.lang.Runnable,long) -> postDelayed
    boolean post(java.lang.Runnable) -> post
    void a(com.amap.api.col.sl3.ei) -> a
    void a(com.amap.api.col.sl3.ej) -> a
    void setRenderer(android.opengl.GLSurfaceView$Renderer) -> setRenderer
    int getWidth() -> getWidth
    int getHeight() -> getHeight
    void setRenderMode(int) -> setRenderMode
com.amap.api.col.sl3.ka -> com.amap.api.col.sl3.ka:
    com.amap.api.col.sl3.ka a -> a
    com.amap.api.col.sl3.ka a() -> a
    java.lang.String b() -> b
    int c() -> c
    void a(android.database.sqlite.SQLiteDatabase) -> a
    void a(android.database.sqlite.SQLiteDatabase,int) -> a
com.amap.api.col.sl3.kb -> com.amap.api.col.sl3.kb:
    java.security.PublicKey i -> i
    java.lang.Class findClass(java.lang.String) -> findClass
    void a(java.util.jar.JarFile,java.util.jar.JarEntry) -> a
    boolean a(java.security.cert.Certificate[]) -> a
    boolean a(java.io.File) -> a
    void a(android.content.Context,java.lang.String,java.lang.String) -> a
com.amap.api.col.sl3.kb$1 -> com.amap.api.col.sl3.kb$1:
    android.content.Context a -> a
    java.lang.String b -> b
    java.lang.String c -> c
    com.amap.api.col.sl3.kb d -> d
    void run() -> run
com.amap.api.col.sl3.kc -> com.amap.api.col.sl3.kc:
    java.lang.String a -> a
    java.lang.String b -> b
    java.lang.String c -> c
    java.lang.String d -> d
    java.lang.String e -> e
    java.lang.String f -> f
    java.lang.String a(java.lang.String,java.lang.String) -> a
    java.lang.String b(java.lang.String,java.lang.String) -> b
    java.lang.String a(java.lang.String) -> a
    java.lang.String b(java.lang.String) -> b
    java.lang.String a(java.lang.String,java.lang.String,java.lang.String,java.lang.String) -> a
    java.lang.String a() -> a
    java.lang.String b() -> b
    java.lang.String c() -> c
    java.lang.String d() -> d
    java.lang.String e() -> e
    java.lang.String f() -> f
    void c(java.lang.String) -> c
com.amap.api.col.sl3.kc$a -> com.amap.api.col.sl3.kc$a:
    java.lang.String a -> a
    java.lang.String b -> b
    java.lang.String c -> c
    java.lang.String d -> d
    java.lang.String e -> e
    java.lang.String f -> f
    com.amap.api.col.sl3.kc$a a(java.lang.String) -> a
    com.amap.api.col.sl3.kc a() -> a
    java.lang.String a(com.amap.api.col.sl3.kc$a) -> a
    java.lang.String b(com.amap.api.col.sl3.kc$a) -> b
    java.lang.String c(com.amap.api.col.sl3.kc$a) -> c
    java.lang.String d(com.amap.api.col.sl3.kc$a) -> d
    java.lang.String e(com.amap.api.col.sl3.kc$a) -> e
    java.lang.String f(com.amap.api.col.sl3.kc$a) -> f